C:\Users\adity\AppData\Local\Packages\PythonSoftwareFoundation.Python.3.11_qbz5n2kfra8p0\LocalCache\local-packages\Python311\site-packages\engineio\async_drivers\eventlet.py:1: EventletDeprecationWarning: 
Eventlet is deprecated. It is currently being maintained in bugfix mode, and
we strongly recommend against using it for new projects.

If you are already using Eventlet, we recommend migrating to a different
framework.  For more detail see
https://eventlet.readthedocs.io/en/latest/asyncio/migration.html

  from eventlet.green.threading import Event
$MSFT: possibly delisted; no price data found  (period=5d)
$ADA-USD: possibly delisted; no price data found  (period=5d)
$IWM: possibly delisted; no price data found  (period=5d)
[TradeSimulator] Loaded 12130 tickers from cache.
[TradeSimulator] Finnhub real-time WebSocket stream starting.
[Finnhub] WebSocket connected Ś subscribing symbols
[AI] pid=3 scanned=0 Ś no trades
[AI] pid=4 scanned=0 Ś no trades
[AI] pid=3 scanned=0 Ś no trades
[AI] pid=4 scanned=0 Ś no trades
[AI] pid=3 scanned=0 Ś no trades
[AI] pid=4 scanned=0 Ś no trades
[AI] pid=3 scanned=0 Ś no trades
[AI] pid=4 scanned=0 Ś no trades
[AI] pid=3 scanned=0 Ś no trades
[AI] pid=4 scanned=0 Ś no trades
[AI] pid=3 scanned=0 Ś no trades
[AI] pid=4 scanned=0 Ś no trades
[AI] pid=3 scanned=0 Ś no trades
[AI] pid=4 scanned=0 Ś no trades
[AI] pid=3 scanned=0 Ś no trades
[AI] pid=4 scanned=0 Ś no trades
[AI] pid=3 scanned=0 Ś no trades
[AI] pid=4 scanned=0 Ś no trades
[AI] pid=3 scanned=0 Ś no trades
[AI] pid=4 scanned=0 Ś no trades
[AI] pid=3 scanned=0 Ś no trades
[AI] pid=4 scanned=0 Ś no trades
[AI] pid=3 scanned=0 Ś no trades
[AI] pid=4 scanned=0 Ś no trades
[AI] pid=3 scanned=0 Ś no trades
[AI] pid=4 scanned=0 Ś no trades
[AI] pid=3 scanned=0 Ś no trades
[AI] pid=4 scanned=0 Ś no trades
[AI] pid=3 scanned=0 Ś no trades
[AI] pid=4 scanned=0 Ś no trades
[AI] pid=3 scanned=0 Ś no trades
[AI] pid=4 scanned=0 Ś no trades
[AI] pid=3 scanned=0 Ś no trades
[AI] pid=4 scanned=0 Ś no trades
[AI] pid=3 scanned=0 Ś no trades
[AI] pid=4 scanned=0 Ś no trades
[AI] pid=3 scanned=0 Ś no trades
[AI] pid=4 scanned=0 Ś no trades
[AI] pid=3 scanned=0 Ś no trades
[AI] pid=4 scanned=0 Ś no trades
[AI] pid=3 scanned=0 Ś no trades
[AI] pid=4 scanned=0 Ś no trades
[AI] pid=3 scanned=0 Ś no trades
[AI] pid=4 scanned=0 Ś no trades
[AI] pid=3 scanned=0 Ś no trades
[AI] pid=4 scanned=0 Ś no trades
[AI] pid=3 scanned=0 Ś no trades
[AI] pid=4 scanned=0 Ś no trades
[AI] pid=3 scanned=0 Ś no trades
[AI] pid=4 scanned=0 Ś no trades
[AI] pid=3 scanned=0 Ś no trades
[AI] pid=4 scanned=0 Ś no trades
[AI] pid=3 scanned=0 Ś no trades
[AI] pid=4 scanned=0 Ś no trades
[AI] pid=3 scanned=0 Ś no trades
[AI] pid=4 scanned=0 Ś no trades
[AI] pid=3 scanned=0 Ś no trades
[AI] pid=4 scanned=0 Ś no trades
[AI] pid=3 scanned=0 Ś no trades
[AI] pid=4 scanned=0 Ś no trades
[AI] pid=3 scanned=0 Ś no trades
[AI] pid=4 scanned=0 Ś no trades
[AI] pid=3 scanned=0 Ś no trades
[AI] pid=4 scanned=0 Ś no trades
[AI] pid=3 scanned=0 Ś no trades
[AI] pid=4 scanned=0 Ś no trades
[AI] pid=3 scanned=0 Ś no trades
[AI] pid=4 scanned=0 Ś no trades
[AI] pid=3 scanned=0 Ś no trades
[AI] pid=4 scanned=0 Ś no trades
[AI] pid=3 scanned=0 Ś no trades
[AI] pid=4 scanned=0 Ś no trades
[AI] pid=3 scanned=0 Ś no trades
[AI] pid=4 scanned=0 Ś no trades
[AI] pid=3 scanned=0 Ś no trades
[AI] pid=4 scanned=0 Ś no trades
[AI] pid=3 scanned=0 Ś no trades
[AI] pid=4 scanned=0 Ś no trades
[AI] pid=3 scanned=0 Ś no trades
[AI] pid=4 scanned=0 Ś no trades
[AI] pid=3 scanned=0 Ś no trades
[AI] pid=4 scanned=0 Ś no trades
[AI] pid=3 scanned=0 Ś no trades
[AI] pid=4 scanned=0 Ś no trades
[AI] pid=3 scanned=0 Ś no trades
[AI] pid=4 scanned=0 Ś no trades
[AI] pid=3 scanned=0 Ś no trades
[AI] pid=4 scanned=0 Ś no trades
[AI] pid=3 scanned=0 Ś no trades
[AI] pid=4 scanned=0 Ś no trades
[AI] pid=3 scanned=0 Ś no trades
[AI] pid=4 scanned=0 Ś no trades
[AI] pid=3 scanned=0 Ś no trades
[AI] pid=4 scanned=0 Ś no trades
[AI] pid=3 scanned=0 Ś no trades
[AI] pid=4 scanned=0 Ś no trades
[AI] pid=3 scanned=0 Ś no trades
[AI] pid=4 scanned=0 Ś no trades
[AI] pid=3 scanned=0 Ś no trades
[AI] pid=4 scanned=0 Ś no trades
[AI] pid=3 scanned=0 Ś no trades
[AI] pid=4 scanned=0 Ś no trades
[AI] pid=3 scanned=0 Ś no trades
[AI] pid=4 scanned=0 Ś no trades
[AI] pid=3 scanned=0 Ś no trades
[AI] pid=4 scanned=0 Ś no trades
[AI] pid=3 scanned=0 Ś no trades
[AI] pid=4 scanned=0 Ś no trades
[AI] pid=3 scanned=0 Ś no trades
[AI] pid=4 scanned=0 Ś no trades
[AI] pid=3 scanned=0 Ś no trades
[AI] pid=4 scanned=0 Ś no trades
[AI] pid=3 scanned=0 Ś no trades
[AI] pid=4 scanned=0 Ś no trades
[AI] pid=3 scanned=0 Ś no trades
[AI] pid=4 scanned=0 Ś no trades
[AI] pid=3 scanned=0 Ś no trades
[AI] pid=4 scanned=0 Ś no trades
[AI] pid=3 scanned=0 Ś no trades
[AI] pid=4 scanned=0 Ś no trades
[AI] pid=3 scanned=0 Ś no trades
[AI] pid=4 scanned=0 Ś no trades
[AI] pid=3 scanned=0 Ś no trades
[AI] pid=4 scanned=0 Ś no trades
[AI] pid=3 scanned=0 Ś no trades
[AI] pid=4 scanned=0 Ś no trades
[AI] pid=3 scanned=0 Ś no trades
[AI] pid=4 scanned=0 Ś no trades
[AI] pid=3 scanned=0 Ś no trades
[AI] pid=4 scanned=0 Ś no trades
[AI] pid=3 scanned=0 Ś no trades
[AI] pid=4 scanned=0 Ś no trades
[AI] pid=3 scanned=0 Ś no trades
[AI] pid=4 scanned=0 Ś no trades
[AI] pid=3 scanned=0 Ś no trades
[AI] pid=4 scanned=0 Ś no trades
[AI] pid=3 scanned=0 Ś no trades
[AI] pid=4 scanned=0 Ś no trades
[AI] pid=3 scanned=0 Ś no trades
[AI] pid=4 scanned=0 Ś no trades
[AI] pid=3 scanned=0 Ś no trades
[AI] pid=4 scanned=0 Ś no trades
[AI] pid=3 scanned=0 Ś no trades
[AI] pid=4 scanned=0 Ś no trades
[AI] pid=3 scanned=0 Ś no trades
[AI] pid=4 scanned=0 Ś no trades
[AI] pid=3 scanned=0 Ś no trades
[AI] pid=4 scanned=0 Ś no trades
[AI] pid=3 scanned=0 Ś no trades
[AI] pid=4 scanned=0 Ś no trades
[AI] pid=3 scanned=0 Ś no trades
[AI] pid=4 scanned=0 Ś no trades
[AI] pid=3 scanned=0 Ś no trades
[AI] pid=4 scanned=0 Ś no trades
[AI] pid=3 scanned=0 Ś no trades
[AI] pid=4 scanned=0 Ś no trades
[AI] pid=3 scanned=0 Ś no trades
[AI] pid=4 scanned=0 Ś no trades
[AI] pid=3 scanned=0 Ś no trades
[AI] pid=4 scanned=0 Ś no trades
[AI] pid=3 scanned=0 Ś no trades
[AI] pid=4 scanned=0 Ś no trades
[AI] pid=3 scanned=0 Ś no trades
[AI] pid=4 scanned=0 Ś no trades
[AI] pid=3 scanned=0 Ś no trades
[AI] pid=4 scanned=0 Ś no trades
[AI] pid=3 scanned=0 Ś no trades
[AI] pid=4 scanned=0 Ś no trades
[AI] pid=3 scanned=0 Ś no trades
[AI] pid=4 scanned=0 Ś no trades
[AI] pid=3 scanned=0 Ś no trades
[AI] pid=4 scanned=0 Ś no trades
[AI] pid=3 scanned=0 Ś no trades
[AI] pid=4 scanned=0 Ś no trades
[AI] pid=3 scanned=0 Ś no trades
[AI] pid=4 scanned=0 Ś no trades
[AI] pid=3 scanned=0 Ś no trades
[AI] pid=4 scanned=0 Ś no trades
[AI] pid=3 scanned=0 Ś no trades
[AI] pid=4 scanned=0 Ś no trades
[AI] pid=3 scanned=0 Ś no trades
[AI] pid=4 scanned=0 Ś no trades
[AI] pid=3 scanned=0 Ś no trades
[AI] pid=4 scanned=0 Ś no trades
[AI] pid=3 scanned=0 Ś no trades
[AI] pid=4 scanned=0 Ś no trades
[AI] pid=3 scanned=0 Ś no trades
[AI] pid=4 scanned=0 Ś no trades
[AI] pid=3 scanned=0 Ś no trades
[AI] pid=4 scanned=0 Ś no trades
[AI] pid=3 scanned=0 Ś no trades
[AI] pid=4 scanned=0 Ś no trades
[AI] pid=3 scanned=0 Ś no trades
[AI] pid=4 scanned=0 Ś no trades
[AI] pid=3 scanned=0 Ś no trades
[AI] pid=4 scanned=0 Ś no trades
[AI] pid=3 scanned=0 Ś no trades
[AI] pid=4 scanned=0 Ś no trades
[AI] pid=3 scanned=0 Ś no trades
[AI] pid=4 scanned=0 Ś no trades
[AI] pid=3 scanned=0 Ś no trades
[AI] pid=4 scanned=0 Ś no trades
[AI] pid=3 scanned=0 Ś no trades
[AI] pid=4 scanned=0 Ś no trades
[AI] pid=3 scanned=0 Ś no trades
[AI] pid=4 scanned=0 Ś no trades
[AI] pid=3 scanned=0 Ś no trades
[AI] pid=4 scanned=0 Ś no trades
[AI] pid=3 scanned=0 Ś no trades
[AI] pid=4 scanned=0 Ś no trades
[AI] pid=3 scanned=0 Ś no trades
[AI] pid=4 scanned=0 Ś no trades
[AI] pid=3 scanned=0 Ś no trades
[AI] pid=4 scanned=0 Ś no trades
[AI] pid=3 scanned=0 Ś no trades
[AI] pid=4 scanned=0 Ś no trades
[AI] pid=3 scanned=0 Ś no trades
[AI] pid=4 scanned=0 Ś no trades
[AI] pid=3 scanned=0 Ś no trades
[AI] pid=4 scanned=0 Ś no trades
[AI] pid=3 scanned=0 Ś no trades
[AI] pid=4 scanned=0 Ś no trades
[AI] pid=3 scanned=0 Ś no trades
[AI] pid=4 scanned=0 Ś no trades
[AI] pid=3 scanned=0 Ś no trades
[AI] pid=4 scanned=0 Ś no trades
[AI] pid=3 scanned=0 Ś no trades
[AI] pid=4 scanned=0 Ś no trades
[AI] pid=3 scanned=0 Ś no trades
[AI] pid=4 scanned=0 Ś no trades
[AI] pid=3 scanned=0 Ś no trades
[AI] pid=4 scanned=0 Ś no trades
[AI] pid=3 scanned=0 Ś no trades
[AI] pid=4 scanned=0 Ś no trades
[AI] pid=3 scanned=0 Ś no trades
[AI] pid=4 scanned=0 Ś no trades
$MSFT: possibly delisted; no price data found  (period=60d)
server=localhost:8765//socket.io/ client=127.0.0.1:64344 socket shutdown error: [WinError 10054] An existing connection was forcibly closed by the remote host$ORCL: possibly delisted; no price data found  (period=60d)
[AI] pid=3 scanned=0 Ś no trades
[AI] pid=4 scanned=0 Ś no trades
[AI] pid=3 scanned=0 Ś no trades
[AI] pid=4 scanned=0 Ś no trades
[AI] pid=3 scanned=0 Ś no trades
[AI] pid=4 scanned=0 Ś no trades
[AI] pid=3 scanned=0 Ś no trades
[AI] pid=4 scanned=0 Ś no trades
[AI] pid=3 scanned=0 Ś no trades
[AI] pid=4 scanned=0 Ś no trades
[AI] pid=3 scanned=0 Ś no trades
[AI] pid=4 scanned=0 Ś no trades
[AI] pid=3 scanned=0 Ś no trades
[AI] pid=4 scanned=0 Ś no trades
[AI] pid=3 scanned=0 Ś no trades
[AI] pid=4 scanned=0 Ś no trades
[AI] pid=3 scanned=0 Ś no trades
[AI] pid=4 scanned=0 Ś no trades
[AI] pid=3 scanned=0 Ś no trades
[AI] pid=4 scanned=0 Ś no trades
[AI] pid=3 scanned=0 Ś no trades
[AI] pid=4 scanned=0 Ś no trades
[AI] pid=3 scanned=0 Ś no trades
[AI] pid=4 scanned=0 Ś no trades
[AI] pid=3 scanned=0 Ś no trades
[AI] pid=4 scanned=0 Ś no trades
[AI] pid=3 scanned=0 Ś no trades
[AI] pid=4 scanned=0 Ś no trades
[AI] pid=3 scanned=0 Ś no trades
[AI] pid=4 scanned=0 Ś no trades
[AI] pid=3 scanned=0 Ś no trades
[AI] pid=4 scanned=0 Ś no trades
[AI] pid=3 scanned=0 Ś no trades
[AI] pid=4 scanned=0 Ś no trades
[AI] pid=3 scanned=0 Ś no trades
[AI] pid=4 scanned=0 Ś no trades
[AI] pid=3 scanned=0 Ś no trades
[AI] pid=4 scanned=0 Ś no trades
[AI] pid=3 scanned=0 Ś no trades
[AI] pid=4 scanned=0 Ś no trades
[AI] pid=3 scanned=0 Ś no trades
[AI] pid=4 scanned=0 Ś no trades
[AI] pid=3 scanned=0 Ś no trades
[AI] pid=4 scanned=0 Ś no trades
[AI] pid=3 scanned=0 Ś no trades
[AI] pid=4 scanned=0 Ś no trades
[AI] pid=3 scanned=0 Ś no trades
[AI] pid=4 scanned=0 Ś no trades
[AI] pid=3 scanned=0 Ś no trades
[AI] pid=4 scanned=0 Ś no trades
[AI] pid=3 scanned=0 Ś no trades
[AI] pid=4 scanned=0 Ś no trades
[AI] pid=3 scanned=0 Ś no trades
[AI] pid=4 scanned=0 Ś no trades
[AI] pid=3 scanned=0 Ś no trades
[AI] pid=4 scanned=0 Ś no trades
[AI] pid=3 scanned=0 Ś no trades
[AI] pid=4 scanned=0 Ś no trades
[AI] pid=3 scanned=0 Ś no trades
[AI] pid=4 scanned=0 Ś no trades
[AI] pid=3 scanned=0 Ś no trades
[AI] pid=4 scanned=0 Ś no trades
[AI] pid=3 scanned=0 Ś no trades
[AI] pid=4 scanned=0 Ś no trades
[AI] pid=3 scanned=0 Ś no trades
[AI] pid=4 scanned=0 Ś no trades
[AI] pid=3 scanned=0 Ś no trades
[AI] pid=4 scanned=0 Ś no trades
[AI] pid=3 scanned=0 Ś no trades
[AI] pid=4 scanned=0 Ś no trades
[AI] pid=3 scanned=0 Ś no trades
[AI] pid=4 scanned=0 Ś no trades
[AI] pid=3 scanned=0 Ś no trades
[AI] pid=4 scanned=0 Ś no trades
[AI] pid=3 scanned=0 Ś no trades
[AI] pid=4 scanned=0 Ś no trades
[AI] pid=3 scanned=0 Ś no trades
[AI] pid=4 scanned=0 Ś no trades
[AI] pid=3 scanned=0 Ś no trades
[AI] pid=4 scanned=0 Ś no trades
[AI] pid=3 scanned=0 Ś no trades
[AI] pid=4 scanned=0 Ś no trades
[AI] pid=3 scanned=0 Ś no trades
[AI] pid=4 scanned=0 Ś no trades
[AI] pid=3 scanned=0 Ś no trades
[AI] pid=4 scanned=0 Ś no trades
[AI] pid=3 scanned=0 Ś no trades
[AI] pid=4 scanned=0 Ś no trades
[AI] pid=3 scanned=0 Ś no trades
[AI] pid=4 scanned=0 Ś no trades
[AI] pid=3 scanned=0 Ś no trades
[AI] pid=4 scanned=0 Ś no trades
[AI] pid=3 scanned=0 Ś no trades
[AI] pid=4 scanned=0 Ś no trades
[AI] pid=3 scanned=0 Ś no trades
[AI] pid=4 scanned=0 Ś no trades
[AI] pid=3 scanned=0 Ś no trades
[AI] pid=4 scanned=0 Ś no trades
[AI] pid=3 scanned=0 Ś no trades
[AI] pid=4 scanned=0 Ś no trades
[AI] pid=3 scanned=0 Ś no trades
[AI] pid=4 scanned=0 Ś no trades
[AI] pid=3 scanned=0 Ś no trades
[AI] pid=4 scanned=0 Ś no trades
[AI] pid=3 scanned=0 Ś no trades
[AI] pid=4 scanned=0 Ś no trades
[AI] pid=3 scanned=0 Ś no trades
[AI] pid=4 scanned=0 Ś no trades
[AI] pid=3 scanned=0 Ś no trades
[AI] pid=4 scanned=0 Ś no trades
[AI] pid=3 scanned=0 Ś no trades
[AI] pid=4 scanned=0 Ś no trades
[AI] pid=3 scanned=0 Ś no trades
[AI] pid=4 scanned=0 Ś no trades
[AI] pid=3 scanned=0 Ś no trades
[AI] pid=4 scanned=0 Ś no trades
[AI] pid=3 scanned=0 Ś no trades
[AI] pid=4 scanned=0 Ś no trades
[AI] pid=3 scanned=0 Ś no trades
[AI] pid=4 scanned=0 Ś no trades
[AI] pid=3 scanned=0 Ś no trades
[AI] pid=4 scanned=0 Ś no trades
[AI] pid=3 scanned=0 Ś no trades
[AI] pid=4 scanned=0 Ś no trades
[AI] pid=3 scanned=0 Ś no trades
[AI] pid=4 scanned=0 Ś no trades
[AI] pid=3 scanned=0 Ś no trades
[AI] pid=4 scanned=0 Ś no trades
[AI] pid=3 scanned=0 Ś no trades
[AI] pid=4 scanned=0 Ś no trades
[AI] pid=3 scanned=0 Ś no trades
[AI] pid=4 scanned=0 Ś no trades
[AI] pid=3 scanned=0 Ś no trades
[AI] pid=4 scanned=0 Ś no trades
[AI] pid=3 scanned=0 Ś no trades
[AI] pid=4 scanned=0 Ś no trades
[AI] pid=3 scanned=0 Ś no trades
[AI] pid=4 scanned=0 Ś no trades
[AI] pid=3 scanned=0 Ś no trades
[AI] pid=4 scanned=0 Ś no trades
[AI] pid=3 scanned=0 Ś no trades
[AI] pid=4 scanned=0 Ś no trades
[AI] pid=3 scanned=0 Ś no trades
[AI] pid=4 scanned=0 Ś no trades
[AI] pid=3 scanned=0 Ś no trades
[AI] pid=4 scanned=0 Ś no trades
[AI] pid=3 scanned=0 Ś no trades
[AI] pid=4 scanned=0 Ś no trades
[AI] pid=3 scanned=0 Ś no trades
[AI] pid=4 scanned=0 Ś no trades
[AI] pid=3 scanned=0 Ś no trades
[AI] pid=4 scanned=0 Ś no trades
[AI] pid=3 scanned=0 Ś no trades
[AI] pid=4 scanned=0 Ś no trades
[AI] pid=3 scanned=0 Ś no trades
[AI] pid=4 scanned=0 Ś no trades
[AI] pid=3 scanned=0 Ś no trades
[AI] pid=4 scanned=0 Ś no trades
[AI] pid=3 scanned=0 Ś no trades
[AI] pid=4 scanned=0 Ś no trades
[AI] pid=3 scanned=0 Ś no trades
[AI] pid=4 scanned=0 Ś no trades
[AI] pid=3 scanned=0 Ś no trades
[AI] pid=4 scanned=0 Ś no trades
[AI] pid=3 scanned=0 Ś no trades
[AI] pid=4 scanned=0 Ś no trades
[AI] pid=3 scanned=0 Ś no trades
[AI] pid=4 scanned=0 Ś no trades
[AI] pid=3 scanned=0 Ś no trades
[AI] pid=4 scanned=0 Ś no trades
[AI] pid=3 scanned=0 Ś no trades
[AI] pid=4 scanned=0 Ś no trades
[AI] pid=3 scanned=0 Ś no trades
[AI] pid=4 scanned=0 Ś no trades
[AI] pid=3 scanned=0 Ś no trades
[AI] pid=4 scanned=0 Ś no trades
[AI] pid=3 scanned=0 Ś no trades
[AI] pid=4 scanned=0 Ś no trades
[AI] pid=3 scanned=0 Ś no trades
[AI] pid=4 scanned=0 Ś no trades
[AI] pid=3 scanned=0 Ś no trades
[AI] pid=4 scanned=0 Ś no trades
[AI] pid=3 scanned=0 Ś no trades
[AI] pid=4 scanned=0 Ś no trades
[AI] pid=3 scanned=0 Ś no trades
[AI] pid=4 scanned=0 Ś no trades
[AI] pid=3 scanned=0 Ś no trades
[AI] pid=4 scanned=0 Ś no trades
[AI] pid=3 scanned=0 Ś no trades
[AI] pid=4 scanned=0 Ś no trades
[AI] pid=3 scanned=0 Ś no trades
[AI] pid=4 scanned=0 Ś no trades
[AI] pid=3 scanned=0 Ś no trades
[AI] pid=4 scanned=0 Ś no trades
[AI] pid=3 scanned=0 Ś no trades
[AI] pid=4 scanned=0 Ś no trades
[AI] pid=3 scanned=0 Ś no trades
[AI] pid=4 scanned=0 Ś no trades
[AI] pid=3 scanned=0 Ś no trades
[AI] pid=4 scanned=0 Ś no trades
[AI] pid=3 scanned=0 Ś no trades
[AI] pid=4 scanned=0 Ś no trades
[AI] pid=3 scanned=0 Ś no trades
[AI] pid=4 scanned=0 Ś no trades
[AI] pid=3 scanned=0 Ś no trades
[AI] pid=4 scanned=0 Ś no trades
[AI] pid=3 scanned=0 Ś no trades
[AI] pid=4 scanned=0 Ś no trades
[AI] pid=3 scanned=0 Ś no trades
[AI] pid=4 scanned=0 Ś no trades
[AI] pid=3 scanned=0 Ś no trades
[AI] pid=4 scanned=0 Ś no trades
[AI] pid=3 scanned=0 Ś no trades
[AI] pid=4 scanned=0 Ś no trades
[AI] pid=3 scanned=0 Ś no trades
[AI] pid=4 scanned=0 Ś no trades
[AI] pid=3 scanned=0 Ś no trades
[AI] pid=4 scanned=0 Ś no trades
[AI] pid=3 scanned=0 Ś no trades
[AI] pid=4 scanned=0 Ś no trades
[AI] pid=3 scanned=0 Ś no trades
[AI] pid=4 scanned=0 Ś no trades
[AI] pid=3 scanned=0 Ś no trades
[AI] pid=4 scanned=0 Ś no trades
[AI] pid=3 scanned=0 Ś no trades
[AI] pid=4 scanned=0 Ś no trades
[AI] pid=3 scanned=0 Ś no trades
[AI] pid=4 scanned=0 Ś no trades
[AI] pid=3 scanned=0 Ś no trades
[AI] pid=4 scanned=0 Ś no trades
[AI] pid=3 scanned=0 Ś no trades
[AI] pid=4 scanned=0 Ś no trades
[AI] pid=3 scanned=0 Ś no trades
[AI] pid=4 scanned=0 Ś no trades
[AI] pid=3 scanned=0 Ś no trades
[AI] pid=4 scanned=0 Ś no trades
[AI] pid=3 scanned=0 Ś no trades
[AI] pid=4 scanned=0 Ś no trades
[AI] pid=3 scanned=0 Ś no trades
[AI] pid=4 scanned=0 Ś no trades
[AI] pid=3 scanned=0 Ś no trades$NFLX: possibly delisted; no price data found  (period=5d)
$DIA: possibly delisted; no price data found  (period=5d)

[AI] pid=4 scanned=0 Ś no trades
[AI] pid=3 scanned=0 Ś no trades
[AI] pid=4 scanned=0 Ś no trades
[AI] pid=3 scanned=0 Ś no trades
[AI] pid=4 scanned=0 Ś no trades
[AI] pid=3 scanned=0 Ś no trades
[AI] pid=4 scanned=0 Ś no trades
[AI] pid=3 scanned=0 Ś no trades
[AI] pid=4 scanned=0 Ś no trades
[AI] pid=3 scanned=0 Ś no trades
[AI] pid=4 scanned=0 Ś no trades
[AI] pid=3 scanned=0 Ś no trades
[AI] pid=4 scanned=0 Ś no trades
[AI] pid=3 scanned=0 Ś no trades
[AI] pid=4 scanned=0 Ś no trades
[AI] pid=3 scanned=0 Ś no trades
[AI] pid=4 scanned=0 Ś no trades
[AI] pid=3 scanned=0 Ś no trades
[AI] pid=4 scanned=0 Ś no trades
[AI] pid=3 scanned=0 Ś no trades
[AI] pid=4 scanned=0 Ś no trades
[AI] pid=3 scanned=0 Ś no trades
[AI] pid=4 scanned=0 Ś no trades
[AI] pid=3 scanned=0 Ś no trades
[AI] pid=4 scanned=0 Ś no trades
[AI] pid=3 scanned=0 Ś no trades
[AI] pid=4 scanned=0 Ś no trades
[AI] pid=3 scanned=0 Ś no trades
[AI] pid=4 scanned=0 Ś no trades
[AI] pid=3 scanned=0 Ś no trades
[AI] pid=4 scanned=0 Ś no trades
[AI] pid=3 scanned=0 Ś no trades
[AI] pid=4 scanned=0 Ś no trades
[AI] pid=3 scanned=0 Ś no trades
[AI] pid=4 scanned=0 Ś no trades
[AI] pid=3 scanned=0 Ś no trades
[AI] pid=4 scanned=0 Ś no trades
[AI] pid=7 scanned=0 Ś no trades
[AI] pid=3 scanned=0 Ś no trades
[AI] pid=4 scanned=0 Ś no trades
[AI] pid=7 scanned=0 Ś no trades
[AI] pid=3 scanned=0 Ś no trades
[AI] pid=4 scanned=0 Ś no trades
[AI] pid=7 scanned=0 Ś no trades
[AI] pid=3 scanned=0 Ś no trades
[AI] pid=4 scanned=0 Ś no trades
[AI] pid=7 scanned=0 Ś no trades
[AI] pid=3 scanned=0 Ś no trades
[AI] pid=4 scanned=0 Ś no trades
[AI] pid=7 scanned=0 Ś no trades
[AI] pid=3 scanned=0 Ś no trades
[AI] pid=4 scanned=0 Ś no trades
[AI] pid=7 scanned=0 Ś no trades
[AI] pid=3 scanned=0 Ś no trades
[AI] pid=4 scanned=0 Ś no trades
[AI] pid=7 scanned=0 Ś no trades
[AI] pid=3 scanned=0 Ś no trades
[AI] pid=4 scanned=0 Ś no trades
[AI] pid=7 scanned=0 Ś no trades
[AI] pid=3 scanned=0 Ś no trades
[AI] pid=4 scanned=0 Ś no trades
[AI] pid=7 scanned=0 Ś no trades
[AI] pid=3 scanned=0 Ś no trades
[AI] pid=4 scanned=0 Ś no trades
[AI] pid=7 scanned=0 Ś no trades
[AI] pid=3 scanned=0 Ś no trades
[AI] pid=4 scanned=0 Ś no trades
[AI] pid=7 scanned=0 Ś no trades
[AI] pid=3 scanned=0 Ś no trades
[AI] pid=4 scanned=0 Ś no trades
[AI] pid=7 scanned=0 Ś no trades
[AI] pid=3 scanned=0 Ś no trades
[AI] pid=4 scanned=0 Ś no trades
[AI] pid=7 scanned=0 Ś no trades
[AI] pid=3 scanned=0 Ś no trades
[AI] pid=4 scanned=0 Ś no trades
[AI] pid=7 scanned=0 Ś no trades
[AI] pid=3 scanned=0 Ś no trades
[AI] pid=4 scanned=0 Ś no trades
[AI] pid=7 scanned=0 Ś no trades
[AI] pid=3 scanned=0 Ś no trades
[AI] pid=4 scanned=0 Ś no trades
[AI] pid=7 scanned=0 Ś no trades
[AI] pid=3 scanned=0 Ś no trades
[AI] pid=4 scanned=0 Ś no trades
[AI] pid=7 scanned=0 Ś no trades
[AI] pid=3 scanned=0 Ś no trades
[AI] pid=4 scanned=0 Ś no trades
[AI] pid=7 scanned=0 Ś no trades
[AI] pid=3 scanned=0 Ś no trades
[AI] pid=4 scanned=0 Ś no trades
[AI] pid=7 scanned=0 Ś no trades
[AI] pid=3 scanned=0 Ś no trades
[AI] pid=4 scanned=0 Ś no trades
[AI] pid=7 scanned=0 Ś no trades
[AI] pid=3 scanned=0 Ś no trades
[AI] pid=4 scanned=0 Ś no trades
[AI] pid=7 scanned=0 Ś no trades
[AI] pid=3 scanned=0 Ś no trades
[AI] pid=4 scanned=0 Ś no trades
[AI] pid=7 scanned=0 Ś no trades
[AI] pid=3 scanned=0 Ś no trades
[AI] pid=4 scanned=0 Ś no trades
[AI] pid=7 scanned=0 Ś no trades
[AI] pid=3 scanned=0 Ś no trades
[AI] pid=4 scanned=0 Ś no trades
[AI] pid=7 scanned=0 Ś no trades
[AI] pid=3 scanned=0 Ś no trades
[AI] pid=4 scanned=0 Ś no trades
[AI] pid=7 scanned=0 Ś no trades
[AI] pid=3 scanned=0 Ś no trades
[AI] pid=4 scanned=0 Ś no trades
[AI] pid=7 scanned=0 Ś no trades
[AI] pid=3 scanned=0 Ś no trades
[AI] pid=4 scanned=0 Ś no trades
[AI] pid=7 scanned=0 Ś no trades
[AI] pid=3 scanned=0 Ś no trades
[AI] pid=4 scanned=0 Ś no trades
[AI] pid=7 scanned=0 Ś no trades
[AI] pid=3 scanned=0 Ś no trades
[AI] pid=4 scanned=0 Ś no trades
[AI] pid=7 scanned=0 Ś no trades
[AI] pid=3 scanned=0 Ś no trades
[AI] pid=4 scanned=0 Ś no trades
[AI] pid=7 scanned=0 Ś no trades
[AI] pid=3 scanned=0 Ś no trades
[AI] pid=4 scanned=0 Ś no trades
[AI] pid=7 scanned=0 Ś no trades
[AI] pid=3 scanned=0 Ś no trades
[AI] pid=4 scanned=0 Ś no trades
[AI] pid=7 scanned=0 Ś no trades
[AI] pid=3 scanned=0 Ś no trades
[AI] pid=4 scanned=0 Ś no trades
[AI] pid=7 scanned=0 Ś no trades
[AI] pid=3 scanned=0 Ś no trades
[AI] pid=4 scanned=0 Ś no trades
[AI] pid=7 scanned=0 Ś no trades
[AI] pid=3 scanned=0 Ś no trades
[AI] pid=4 scanned=0 Ś no trades
[AI] pid=7 scanned=0 Ś no trades
[AI] pid=3 scanned=0 Ś no trades
[AI] pid=4 scanned=0 Ś no trades
[AI] pid=7 scanned=0 Ś no trades
[AI] pid=3 scanned=0 Ś no trades
[AI] pid=4 scanned=0 Ś no trades
[AI] pid=7 scanned=0 Ś no trades
[AI] pid=3 scanned=0 Ś no trades
[AI] pid=4 scanned=0 Ś no trades
[AI] pid=7 scanned=0 Ś no trades
[AI] pid=3 scanned=0 Ś no trades
[AI] pid=4 scanned=0 Ś no trades
[AI] pid=7 scanned=0 Ś no trades
[AI] pid=3 scanned=0 Ś no trades
[AI] pid=4 scanned=0 Ś no trades
[AI] pid=7 scanned=0 Ś no trades
[AI] pid=3 scanned=0 Ś no trades
[AI] pid=4 scanned=0 Ś no trades
[AI] pid=7 scanned=0 Ś no trades
[AI] pid=3 scanned=0 Ś no trades
[AI] pid=4 scanned=0 Ś no trades
[AI] pid=7 scanned=0 Ś no trades
[AI] pid=3 scanned=0 Ś no trades
[AI] pid=4 scanned=0 Ś no trades
[AI] pid=7 scanned=0 Ś no trades
[AI] pid=3 scanned=0 Ś no trades
[AI] pid=4 scanned=0 Ś no trades
[AI] pid=7 scanned=0 Ś no trades
[AI] pid=3 scanned=0 Ś no trades
[AI] pid=4 scanned=0 Ś no trades
[AI] pid=7 scanned=0 Ś no trades
[AI] pid=3 scanned=0 Ś no trades
[AI] pid=4 scanned=0 Ś no trades
[AI] pid=7 scanned=0 Ś no trades
[AI] pid=3 scanned=0 Ś no trades
[AI] pid=4 scanned=0 Ś no trades
[AI] pid=7 scanned=0 Ś no trades
[AI] pid=3 scanned=0 Ś no trades
[AI] pid=4 scanned=0 Ś no trades
[AI] pid=7 scanned=0 Ś no trades
[TradeSimulator] Finnhub general news failed: HTTPSConnectionPool(host='finnhub.io', port=443): Read timed out. (read timeout=5)
[AI] pid=3 scanned=0 Ś no trades
[AI] pid=4 scanned=0 Ś no trades
[AI] pid=7 scanned=0 Ś no trades
[AI] pid=3 scanned=0 Ś no trades
[AI] pid=4 scanned=0 Ś no trades
[AI] pid=7 scanned=0 Ś no trades
[AI] pid=3 scanned=0 Ś no trades
[AI] pid=4 scanned=0 Ś no trades
[AI] pid=7 scanned=0 Ś no trades
[AI] pid=3 scanned=0 Ś no trades
[AI] pid=4 scanned=0 Ś no trades
[AI] pid=7 scanned=0 Ś no trades
[AI] pid=3 scanned=0 bought=[] sold=[] errors=['exit ORCL: Insufficient data for ORCL']
[AI] pid=4 scanned=0 Ś no trades
[AI] pid=7 scanned=0 Ś no trades
[AI] pid=3 scanned=0 Ś no trades
[AI] pid=4 scanned=0 Ś no trades
[AI] pid=7 scanned=0 Ś no trades
[AI] pid=3 scanned=0 Ś no trades
[AI] pid=4 scanned=0 Ś no trades
[AI] pid=7 scanned=0 Ś no trades
[AI] pid=3 scanned=0 Ś no trades
[AI] pid=4 scanned=0 Ś no trades
[AI] pid=7 scanned=0 Ś no trades
[AI] pid=3 scanned=0 Ś no trades
[AI] pid=4 scanned=0 Ś no trades
[AI] pid=7 scanned=0 Ś no trades
[AI] pid=3 scanned=0 Ś no trades
[AI] pid=4 scanned=0 Ś no trades
[AI] pid=7 scanned=0 Ś no trades
[AI] pid=3 scanned=0 Ś no trades
[AI] pid=4 scanned=0 Ś no trades
[AI] pid=7 scanned=0 Ś no trades
[AI] pid=3 scanned=0 Ś no trades
[AI] pid=4 scanned=0 Ś no trades
[AI] pid=7 scanned=0 Ś no trades
[AI] pid=3 scanned=0 Ś no trades
[AI] pid=4 scanned=0 Ś no trades
[AI] pid=7 scanned=0 Ś no trades
[AI] pid=3 scanned=0 Ś no trades
[AI] pid=4 scanned=0 Ś no trades
[AI] pid=7 scanned=0 Ś no trades
[AI] pid=3 scanned=0 Ś no trades
[AI] pid=4 scanned=0 Ś no trades
[AI] pid=7 scanned=0 Ś no trades
[AI] pid=3 scanned=0 Ś no trades
[AI] pid=4 scanned=0 Ś no trades
[AI] pid=7 scanned=0 Ś no trades
[AI] pid=3 scanned=0 Ś no trades
[AI] pid=4 scanned=0 Ś no trades
[AI] pid=7 scanned=0 Ś no trades
[AI] pid=3 scanned=0 Ś no trades
[AI] pid=4 scanned=0 Ś no trades
[AI] pid=7 scanned=0 Ś no trades
[AI] pid=3 scanned=0 Ś no trades
[AI] pid=4 scanned=0 Ś no trades
